<?xml version="1.0" encoding="UTF-8"?>
<testsuite xmlns:xsi="http://www.w3.org/2001/XMLSchema-instance" xsi:noNamespaceSchemaLocation="https://maven.apache.org/surefire/maven-surefire-plugin/xsd/surefire-test-report.xsd" name="com.gi.gateway.GiGatewayApplicationTests" time="20.728" tests="1" errors="0" skipped="0" failures="0">
  <properties>
    <property name="java.specification.version" value="17"/>
    <property name="sun.cpu.isalist" value="amd64"/>
    <property name="sun.jnu.encoding" value="Cp1252"/>
    <property name="java.class.path" value="E:\Genious Invocation HRM\GI-HRM-GATEWAY\target\test-classes;E:\Genious Invocation HRM\GI-HRM-GATEWAY\target\classes;C:\Users\tungv\.m2\repository\org\springframework\boot\spring-boot-starter-actuator\3.0.5\spring-boot-starter-actuator-3.0.5.jar;C:\Users\tungv\.m2\repository\org\springframework\boot\spring-boot-starter\3.0.5\spring-boot-starter-3.0.5.jar;C:\Users\tungv\.m2\repository\org\springframework\boot\spring-boot\3.0.5\spring-boot-3.0.5.jar;C:\Users\tungv\.m2\repository\org\springframework\boot\spring-boot-autoconfigure\3.0.5\spring-boot-autoconfigure-3.0.5.jar;C:\Users\tungv\.m2\repository\org\springframework\boot\spring-boot-starter-logging\3.0.5\spring-boot-starter-logging-3.0.5.jar;C:\Users\tungv\.m2\repository\ch\qos\logback\logback-classic\1.4.6\logback-classic-1.4.6.jar;C:\Users\tungv\.m2\repository\ch\qos\logback\logback-core\1.4.6\logback-core-1.4.6.jar;C:\Users\tungv\.m2\repository\org\apache\logging\log4j\log4j-to-slf4j\2.19.0\log4j-to-slf4j-2.19.0.jar;C:\Users\tungv\.m2\repository\org\apache\logging\log4j\log4j-api\2.19.0\log4j-api-2.19.0.jar;C:\Users\tungv\.m2\repository\org\slf4j\jul-to-slf4j\2.0.7\jul-to-slf4j-2.0.7.jar;C:\Users\tungv\.m2\repository\jakarta\annotation\jakarta.annotation-api\2.1.1\jakarta.annotation-api-2.1.1.jar;C:\Users\tungv\.m2\repository\org\yaml\snakeyaml\1.33\snakeyaml-1.33.jar;C:\Users\tungv\.m2\repository\org\springframework\boot\spring-boot-actuator-autoconfigure\3.0.5\spring-boot-actuator-autoconfigure-3.0.5.jar;C:\Users\tungv\.m2\repository\org\springframework\boot\spring-boot-actuator\3.0.5\spring-boot-actuator-3.0.5.jar;C:\Users\tungv\.m2\repository\com\fasterxml\jackson\datatype\jackson-datatype-jsr310\2.14.2\jackson-datatype-jsr310-2.14.2.jar;C:\Users\tungv\.m2\repository\io\micrometer\micrometer-observation\1.10.5\micrometer-observation-1.10.5.jar;C:\Users\tungv\.m2\repository\io\micrometer\micrometer-commons\1.10.5\micrometer-commons-1.10.5.jar;C:\Users\tungv\.m2\repository\io\micrometer\micrometer-core\1.10.5\micrometer-core-1.10.5.jar;C:\Users\tungv\.m2\repository\org\hdrhistogram\HdrHistogram\2.1.12\HdrHistogram-2.1.12.jar;C:\Users\tungv\.m2\repository\org\latencyutils\LatencyUtils\2.0.3\LatencyUtils-2.0.3.jar;C:\Users\tungv\.m2\repository\org\springframework\cloud\spring-cloud-starter-circuitbreaker-resilience4j\3.0.1\spring-cloud-starter-circuitbreaker-resilience4j-3.0.1.jar;C:\Users\tungv\.m2\repository\org\springframework\cloud\spring-cloud-starter\4.0.2\spring-cloud-starter-4.0.2.jar;C:\Users\tungv\.m2\repository\org\springframework\cloud\spring-cloud-context\4.0.2\spring-cloud-context-4.0.2.jar;C:\Users\tungv\.m2\repository\org\springframework\cloud\spring-cloud-commons\4.0.2\spring-cloud-commons-4.0.2.jar;C:\Users\tungv\.m2\repository\org\springframework\security\spring-security-rsa\1.0.11.RELEASE\spring-security-rsa-1.0.11.RELEASE.jar;C:\Users\tungv\.m2\repository\org\springframework\cloud\spring-cloud-circuitbreaker-resilience4j\3.0.1\spring-cloud-circuitbreaker-resilience4j-3.0.1.jar;C:\Users\tungv\.m2\repository\io\github\resilience4j\resilience4j-spring-boot3\2.0.2\resilience4j-spring-boot3-2.0.2.jar;C:\Users\tungv\.m2\repository\io\github\resilience4j\resilience4j-spring6\2.0.2\resilience4j-spring6-2.0.2.jar;C:\Users\tungv\.m2\repository\io\github\resilience4j\resilience4j-annotations\2.0.2\resilience4j-annotations-2.0.2.jar;C:\Users\tungv\.m2\repository\io\github\resilience4j\resilience4j-consumer\2.0.2\resilience4j-consumer-2.0.2.jar;C:\Users\tungv\.m2\repository\io\github\resilience4j\resilience4j-circularbuffer\2.0.2\resilience4j-circularbuffer-2.0.2.jar;C:\Users\tungv\.m2\repository\io\github\resilience4j\resilience4j-framework-common\2.0.2\resilience4j-framework-common-2.0.2.jar;C:\Users\tungv\.m2\repository\io\github\resilience4j\resilience4j-micrometer\2.0.2\resilience4j-micrometer-2.0.2.jar;C:\Users\tungv\.m2\repository\io\github\resilience4j\resilience4j-retry\2.0.2\resilience4j-retry-2.0.2.jar;C:\Users\tungv\.m2\repository\io\github\resilience4j\resilience4j-ratelimiter\2.0.2\resilience4j-ratelimiter-2.0.2.jar;C:\Users\tungv\.m2\repository\io\github\resilience4j\resilience4j-circuitbreaker\2.0.2\resilience4j-circuitbreaker-2.0.2.jar;C:\Users\tungv\.m2\repository\io\github\resilience4j\resilience4j-core\2.0.2\resilience4j-core-2.0.2.jar;C:\Users\tungv\.m2\repository\org\slf4j\slf4j-api\2.0.7\slf4j-api-2.0.7.jar;C:\Users\tungv\.m2\repository\io\github\resilience4j\resilience4j-timelimiter\2.0.2\resilience4j-timelimiter-2.0.2.jar;C:\Users\tungv\.m2\repository\org\springframework\cloud\spring-cloud-starter-gateway\4.0.4\spring-cloud-starter-gateway-4.0.4.jar;C:\Users\tungv\.m2\repository\org\springframework\cloud\spring-cloud-gateway-server\4.0.4\spring-cloud-gateway-server-4.0.4.jar;C:\Users\tungv\.m2\repository\org\springframework\boot\spring-boot-starter-validation\3.0.5\spring-boot-starter-validation-3.0.5.jar;C:\Users\tungv\.m2\repository\org\apache\tomcat\embed\tomcat-embed-el\10.1.7\tomcat-embed-el-10.1.7.jar;C:\Users\tungv\.m2\repository\org\hibernate\validator\hibernate-validator\8.0.0.Final\hibernate-validator-8.0.0.Final.jar;C:\Users\tungv\.m2\repository\io\projectreactor\addons\reactor-extra\3.5.1\reactor-extra-3.5.1.jar;C:\Users\tungv\.m2\repository\io\projectreactor\reactor-core\3.5.4\reactor-core-3.5.4.jar;C:\Users\tungv\.m2\repository\org\reactivestreams\reactive-streams\1.0.4\reactive-streams-1.0.4.jar;C:\Users\tungv\.m2\repository\org\springframework\boot\spring-boot-starter-webflux\3.0.5\spring-boot-starter-webflux-3.0.5.jar;C:\Users\tungv\.m2\repository\org\springframework\boot\spring-boot-starter-json\3.0.5\spring-boot-starter-json-3.0.5.jar;C:\Users\tungv\.m2\repository\com\fasterxml\jackson\datatype\jackson-datatype-jdk8\2.14.2\jackson-datatype-jdk8-2.14.2.jar;C:\Users\tungv\.m2\repository\com\fasterxml\jackson\module\jackson-module-parameter-names\2.14.2\jackson-module-parameter-names-2.14.2.jar;C:\Users\tungv\.m2\repository\org\springframework\boot\spring-boot-starter-reactor-netty\3.0.5\spring-boot-starter-reactor-netty-3.0.5.jar;C:\Users\tungv\.m2\repository\io\projectreactor\netty\reactor-netty-http\1.1.5\reactor-netty-http-1.1.5.jar;C:\Users\tungv\.m2\repository\io\netty\netty-codec-http\4.1.90.Final\netty-codec-http-4.1.90.Final.jar;C:\Users\tungv\.m2\repository\io\netty\netty-common\4.1.90.Final\netty-common-4.1.90.Final.jar;C:\Users\tungv\.m2\repository\io\netty\netty-buffer\4.1.90.Final\netty-buffer-4.1.90.Final.jar;C:\Users\tungv\.m2\repository\io\netty\netty-transport\4.1.90.Final\netty-transport-4.1.90.Final.jar;C:\Users\tungv\.m2\repository\io\netty\netty-codec\4.1.90.Final\netty-codec-4.1.90.Final.jar;C:\Users\tungv\.m2\repository\io\netty\netty-handler\4.1.90.Final\netty-handler-4.1.90.Final.jar;C:\Users\tungv\.m2\repository\io\netty\netty-codec-http2\4.1.90.Final\netty-codec-http2-4.1.90.Final.jar;C:\Users\tungv\.m2\repository\io\netty\netty-resolver-dns\4.1.90.Final\netty-resolver-dns-4.1.90.Final.jar;C:\Users\tungv\.m2\repository\io\netty\netty-resolver\4.1.90.Final\netty-resolver-4.1.90.Final.jar;C:\Users\tungv\.m2\repository\io\netty\netty-codec-dns\4.1.90.Final\netty-codec-dns-4.1.90.Final.jar;C:\Users\tungv\.m2\repository\io\netty\netty-resolver-dns-native-macos\4.1.90.Final\netty-resolver-dns-native-macos-4.1.90.Final-osx-x86_64.jar;C:\Users\tungv\.m2\repository\io\netty\netty-resolver-dns-classes-macos\4.1.90.Final\netty-resolver-dns-classes-macos-4.1.90.Final.jar;C:\Users\tungv\.m2\repository\io\netty\netty-transport-native-epoll\4.1.90.Final\netty-transport-native-epoll-4.1.90.Final-linux-x86_64.jar;C:\Users\tungv\.m2\repository\io\netty\netty-transport-native-unix-common\4.1.90.Final\netty-transport-native-unix-common-4.1.90.Final.jar;C:\Users\tungv\.m2\repository\io\netty\netty-transport-classes-epoll\4.1.90.Final\netty-transport-classes-epoll-4.1.90.Final.jar;C:\Users\tungv\.m2\repository\io\projectreactor\netty\reactor-netty-core\1.1.5\reactor-netty-core-1.1.5.jar;C:\Users\tungv\.m2\repository\io\netty\netty-handler-proxy\4.1.90.Final\netty-handler-proxy-4.1.90.Final.jar;C:\Users\tungv\.m2\repository\io\netty\netty-codec-socks\4.1.90.Final\netty-codec-socks-4.1.90.Final.jar;C:\Users\tungv\.m2\repository\org\springframework\spring-web\6.0.7\spring-web-6.0.7.jar;C:\Users\tungv\.m2\repository\org\springframework\spring-webflux\6.0.7\spring-webflux-6.0.7.jar;C:\Users\tungv\.m2\repository\org\springframework\cloud\spring-cloud-starter-contract-stub-runner\4.0.2\spring-cloud-starter-contract-stub-runner-4.0.2.jar;C:\Users\tungv\.m2\repository\org\springframework\cloud\spring-cloud-contract-stub-runner\4.0.2\spring-cloud-contract-stub-runner-4.0.2.jar;C:\Users\tungv\.m2\repository\org\springframework\cloud\spring-cloud-contract-verifier\4.0.2\spring-cloud-contract-verifier-4.0.2.jar;C:\Users\tungv\.m2\repository\org\apache\commons\commons-text\1.10.0\commons-text-1.10.0.jar;C:\Users\tungv\.m2\repository\org\apache\commons\commons-lang3\3.12.0\commons-lang3-3.12.0.jar;C:\Users\tungv\.m2\repository\javax\inject\javax.inject\1\javax.inject-1.jar;C:\Users\tungv\.m2\repository\com\toomuchcoding\jsonassert\jsonassert\0.6.2\jsonassert-0.6.2.jar;C:\Users\tungv\.m2\repository\com\rackspace\eclipse\webtools\sourceediting\org.eclipse.wst.xml.xpath2.processor\2.1.100\org.eclipse.wst.xml.xpath2.processor-2.1.100.jar;C:\Users\tungv\.m2\repository\edu\princeton\cup\java-cup\10k\java-cup-10k.jar;C:\Users\tungv\.m2\repository\com\ibm\icu\icu4j\4.6\icu4j-4.6.jar;C:\Users\tungv\.m2\repository\org\apache\groovy\groovy\4.0.10\groovy-4.0.10.jar;C:\Users\tungv\.m2\repository\org\apache\groovy\groovy-nio\4.0.10\groovy-nio-4.0.10.jar;C:\Users\tungv\.m2\repository\org\apache\groovy\groovy-json\4.0.10\groovy-json-4.0.10.jar;C:\Users\tungv\.m2\repository\org\apache\groovy\groovy-xml\4.0.10\groovy-xml-4.0.10.jar;C:\Users\tungv\.m2\repository\com\github\jknack\handlebars\4.3.0\handlebars-4.3.0.jar;C:\Users\tungv\.m2\repository\commons-beanutils\commons-beanutils\1.9.4\commons-beanutils-1.9.4.jar;C:\Users\tungv\.m2\repository\commons-logging\commons-logging\1.2\commons-logging-1.2.jar;C:\Users\tungv\.m2\repository\commons-collections\commons-collections\3.2.2\commons-collections-3.2.2.jar;C:\Users\tungv\.m2\repository\com\fasterxml\jackson\dataformat\jackson-dataformat-yaml\2.14.2\jackson-dataformat-yaml-2.14.2.jar;C:\Users\tungv\.m2\repository\net\javacrumbs\json-unit\json-unit-assertj\2.32.0\json-unit-assertj-2.32.0.jar;C:\Users\tungv\.m2\repository\net\javacrumbs\json-unit\json-unit-core\2.32.0\json-unit-core-2.32.0.jar;C:\Users\tungv\.m2\repository\org\hamcrest\hamcrest-core\2.2\hamcrest-core-2.2.jar;C:\Users\tungv\.m2\repository\net\javacrumbs\json-unit\json-unit-json-path\2.32.0\json-unit-json-path-2.32.0.jar;C:\Users\tungv\.m2\repository\org\springframework\cloud\spring-cloud-contract-shade\4.0.2\spring-cloud-contract-shade-4.0.2.jar;C:\Users\tungv\.m2\repository\org\springframework\cloud\spring-cloud-contract-converters\4.0.2\spring-cloud-contract-converters-4.0.2.jar;C:\Users\tungv\.m2\repository\org\springframework\cloud\spring-cloud-contract-spec\4.0.2\spring-cloud-contract-spec-4.0.2.jar;C:\Users\tungv\.m2\repository\org\springframework\cloud\spring-cloud-contract-spec-java\4.0.2\spring-cloud-contract-spec-java-4.0.2.jar;C:\Users\tungv\.m2\repository\dk\brics\automaton\1.12-4\automaton-1.12-4.jar;C:\Users\tungv\.m2\repository\org\springframework\cloud\spring-cloud-contract-spec-groovy\4.0.2\spring-cloud-contract-spec-groovy-4.0.2.jar;C:\Users\tungv\.m2\repository\org\eclipse\jgit\org.eclipse.jgit\6.4.0.202211300538-r\org.eclipse.jgit-6.4.0.202211300538-r.jar;C:\Users\tungv\.m2\repository\com\googlecode\javaewah\JavaEWAH\1.1.13\JavaEWAH-1.1.13.jar;C:\Users\tungv\.m2\repository\org\eclipse\jgit\org.eclipse.jgit.ssh.jsch\6.3.0.202209071007-r\org.eclipse.jgit.ssh.jsch-6.3.0.202209071007-r.jar;C:\Users\tungv\.m2\repository\com\jcraft\jsch\0.1.55\jsch-0.1.55.jar;C:\Users\tungv\.m2\repository\com\jcraft\jzlib\1.1.3\jzlib-1.1.3.jar;C:\Users\tungv\.m2\repository\com\jcraft\jsch.agentproxy.sshagent\0.0.9\jsch.agentproxy.sshagent-0.0.9.jar;C:\Users\tungv\.m2\repository\com\jcraft\jsch.agentproxy.core\0.0.9\jsch.agentproxy.core-0.0.9.jar;C:\Users\tungv\.m2\repository\com\jcraft\jsch.agentproxy.jsch\0.0.9\jsch.agentproxy.jsch-0.0.9.jar;C:\Users\tungv\.m2\repository\com\jcraft\jsch.agentproxy.usocket-jna\0.0.9\jsch.agentproxy.usocket-jna-0.0.9.jar;C:\Users\tungv\.m2\repository\net\java\dev\jna\jna\4.1.0\jna-4.1.0.jar;C:\Users\tungv\.m2\repository\net\java\dev\jna\jna-platform\4.1.0\jna-platform-4.1.0.jar;C:\Users\tungv\.m2\repository\org\springframework\cloud\spring-cloud-contract-wiremock\4.0.2\spring-cloud-contract-wiremock-4.0.2.jar;C:\Users\tungv\.m2\repository\jakarta\servlet\jakarta.servlet-api\6.0.0\jakarta.servlet-api-6.0.0.jar;C:\Users\tungv\.m2\repository\com\github\tomakehurst\wiremock-jre8-standalone\2.35.0\wiremock-jre8-standalone-2.35.0.jar;C:\Users\tungv\.m2\repository\org\apache\httpcomponents\client5\httpclient5\5.1.4\httpclient5-5.1.4.jar;C:\Users\tungv\.m2\repository\org\apache\httpcomponents\core5\httpcore5\5.1.5\httpcore5-5.1.5.jar;C:\Users\tungv\.m2\repository\org\apache\httpcomponents\core5\httpcore5-h2\5.1.5\httpcore5-h2-5.1.5.jar;C:\Users\tungv\.m2\repository\commons-codec\commons-codec\1.15\commons-codec-1.15.jar;C:\Users\tungv\.m2\repository\org\springframework\cloud\spring-cloud-test-support\4.0.2\spring-cloud-test-support-4.0.2.jar;C:\Users\tungv\.m2\repository\org\apache\maven\resolver\maven-resolver-connector-basic\1.1.1\maven-resolver-connector-basic-1.1.1.jar;C:\Users\tungv\.m2\repository\org\apache\maven\resolver\maven-resolver-spi\1.1.1\maven-resolver-spi-1.1.1.jar;C:\Users\tungv\.m2\repository\org\apache\maven\resolver\maven-resolver-util\1.1.1\maven-resolver-util-1.1.1.jar;C:\Users\tungv\.m2\repository\org\apache\maven\resolver\maven-resolver-impl\1.1.1\maven-resolver-impl-1.1.1.jar;C:\Users\tungv\.m2\repository\org\apache\maven\maven-resolver-provider\3.5.4\maven-resolver-provider-3.5.4.jar;C:\Users\tungv\.m2\repository\org\apache\maven\maven-model\3.5.4\maven-model-3.5.4.jar;C:\Users\tungv\.m2\repository\org\apache\maven\maven-model-builder\3.5.4\maven-model-builder-3.5.4.jar;C:\Users\tungv\.m2\repository\org\codehaus\plexus\plexus-interpolation\1.24\plexus-interpolation-1.24.jar;C:\Users\tungv\.m2\repository\org\apache\maven\maven-artifact\3.5.4\maven-artifact-3.5.4.jar;C:\Users\tungv\.m2\repository\org\apache\maven\maven-builder-support\3.5.4\maven-builder-support-3.5.4.jar;C:\Users\tungv\.m2\repository\org\apache\maven\maven-repository-metadata\3.5.4\maven-repository-metadata-3.5.4.jar;C:\Users\tungv\.m2\repository\org\apache\maven\resolver\maven-resolver-transport-http\1.1.1\maven-resolver-transport-http-1.1.1.jar;C:\Users\tungv\.m2\repository\org\apache\httpcomponents\httpclient\4.5.14\httpclient-4.5.14.jar;C:\Users\tungv\.m2\repository\org\apache\httpcomponents\httpcore\4.4.16\httpcore-4.4.16.jar;C:\Users\tungv\.m2\repository\org\apache\maven\resolver\maven-resolver-api\1.4.1\maven-resolver-api-1.4.1.jar;C:\Users\tungv\.m2\repository\org\sonatype\sisu\sisu-inject-plexus\2.6.0\sisu-inject-plexus-2.6.0.jar;C:\Users\tungv\.m2\repository\org\codehaus\plexus\plexus-component-annotations\1.5.5\plexus-component-annotations-1.5.5.jar;C:\Users\tungv\.m2\repository\org\codehaus\plexus\plexus-classworlds\2.5.2\plexus-classworlds-2.5.2.jar;C:\Users\tungv\.m2\repository\org\codehaus\plexus\plexus-utils\3.0.18\plexus-utils-3.0.18.jar;C:\Users\tungv\.m2\repository\org\sonatype\sisu\sisu-inject-bean\2.6.0\sisu-inject-bean-2.6.0.jar;C:\Users\tungv\.m2\repository\javax\enterprise\cdi-api\1.0\cdi-api-1.0.jar;C:\Users\tungv\.m2\repository\javax\annotation\jsr250-api\1.0\jsr250-api-1.0.jar;C:\Users\tungv\.m2\repository\org\sonatype\sisu\sisu-guice\3.2.5\sisu-guice-3.2.5-no_aop.jar;C:\Users\tungv\.m2\repository\com\google\guava\guava\16.0.1\guava-16.0.1.jar;C:\Users\tungv\.m2\repository\org\eclipse\sisu\org.eclipse.sisu.inject\0.3.0\org.eclipse.sisu.inject-0.3.0.jar;C:\Users\tungv\.m2\repository\org\eclipse\sisu\org.eclipse.sisu.plexus\0.3.0\org.eclipse.sisu.plexus-0.3.0.jar;C:\Users\tungv\.m2\repository\org\springframework\boot\spring-boot-starter-data-jpa\3.0.5\spring-boot-starter-data-jpa-3.0.5.jar;C:\Users\tungv\.m2\repository\org\springframework\boot\spring-boot-starter-aop\3.0.5\spring-boot-starter-aop-3.0.5.jar;C:\Users\tungv\.m2\repository\org\aspectj\aspectjweaver\1.9.19\aspectjweaver-1.9.19.jar;C:\Users\tungv\.m2\repository\org\springframework\boot\spring-boot-starter-jdbc\3.0.5\spring-boot-starter-jdbc-3.0.5.jar;C:\Users\tungv\.m2\repository\com\zaxxer\HikariCP\5.0.1\HikariCP-5.0.1.jar;C:\Users\tungv\.m2\repository\org\springframework\spring-jdbc\6.0.7\spring-jdbc-6.0.7.jar;C:\Users\tungv\.m2\repository\org\hibernate\orm\hibernate-core\6.1.7.Final\hibernate-core-6.1.7.Final.jar;C:\Users\tungv\.m2\repository\jakarta\persistence\jakarta.persistence-api\3.1.0\jakarta.persistence-api-3.1.0.jar;C:\Users\tungv\.m2\repository\jakarta\transaction\jakarta.transaction-api\2.0.1\jakarta.transaction-api-2.0.1.jar;C:\Users\tungv\.m2\repository\org\jboss\logging\jboss-logging\3.5.0.Final\jboss-logging-3.5.0.Final.jar;C:\Users\tungv\.m2\repository\org\hibernate\common\hibernate-commons-annotations\6.0.6.Final\hibernate-commons-annotations-6.0.6.Final.jar;C:\Users\tungv\.m2\repository\org\jboss\jandex\2.4.2.Final\jandex-2.4.2.Final.jar;C:\Users\tungv\.m2\repository\com\fasterxml\classmate\1.5.1\classmate-1.5.1.jar;C:\Users\tungv\.m2\repository\net\bytebuddy\byte-buddy\1.12.23\byte-buddy-1.12.23.jar;C:\Users\tungv\.m2\repository\org\glassfish\jaxb\jaxb-runtime\4.0.2\jaxb-runtime-4.0.2.jar;C:\Users\tungv\.m2\repository\org\glassfish\jaxb\jaxb-core\4.0.2\jaxb-core-4.0.2.jar;C:\Users\tungv\.m2\repository\org\eclipse\angus\angus-activation\2.0.0\angus-activation-2.0.0.jar;C:\Users\tungv\.m2\repository\org\glassfish\jaxb\txw2\4.0.2\txw2-4.0.2.jar;C:\Users\tungv\.m2\repository\com\sun\istack\istack-commons-runtime\4.1.1\istack-commons-runtime-4.1.1.jar;C:\Users\tungv\.m2\repository\jakarta\inject\jakarta.inject-api\2.0.0\jakarta.inject-api-2.0.0.jar;C:\Users\tungv\.m2\repository\org\antlr\antlr4-runtime\4.10.1\antlr4-runtime-4.10.1.jar;C:\Users\tungv\.m2\repository\org\springframework\data\spring-data-jpa\3.0.4\spring-data-jpa-3.0.4.jar;C:\Users\tungv\.m2\repository\org\springframework\data\spring-data-commons\3.0.4\spring-data-commons-3.0.4.jar;C:\Users\tungv\.m2\repository\org\springframework\spring-orm\6.0.7\spring-orm-6.0.7.jar;C:\Users\tungv\.m2\repository\org\springframework\spring-context\6.0.7\spring-context-6.0.7.jar;C:\Users\tungv\.m2\repository\org\springframework\spring-tx\6.0.7\spring-tx-6.0.7.jar;C:\Users\tungv\.m2\repository\org\springframework\spring-beans\6.0.7\spring-beans-6.0.7.jar;C:\Users\tungv\.m2\repository\org\springframework\spring-aspects\6.0.7\spring-aspects-6.0.7.jar;C:\Users\tungv\.m2\repository\org\springframework\boot\spring-boot-starter-security\3.0.5\spring-boot-starter-security-3.0.5.jar;C:\Users\tungv\.m2\repository\org\springframework\spring-aop\6.0.7\spring-aop-6.0.7.jar;C:\Users\tungv\.m2\repository\org\springframework\security\spring-security-config\6.0.2\spring-security-config-6.0.2.jar;C:\Users\tungv\.m2\repository\org\springframework\security\spring-security-web\6.0.2\spring-security-web-6.0.2.jar;C:\Users\tungv\.m2\repository\org\springframework\spring-expression\6.0.7\spring-expression-6.0.7.jar;C:\Users\tungv\.m2\repository\io\jsonwebtoken\jjwt\0.9.1\jjwt-0.9.1.jar;C:\Users\tungv\.m2\repository\com\fasterxml\jackson\core\jackson-databind\2.14.2\jackson-databind-2.14.2.jar;C:\Users\tungv\.m2\repository\com\fasterxml\jackson\core\jackson-annotations\2.14.2\jackson-annotations-2.14.2.jar;C:\Users\tungv\.m2\repository\com\fasterxml\jackson\core\jackson-core\2.14.2\jackson-core-2.14.2.jar;C:\Users\tungv\.m2\repository\org\springframework\security\spring-security-jwt\1.1.1.RELEASE\spring-security-jwt-1.1.1.RELEASE.jar;C:\Users\tungv\.m2\repository\org\bouncycastle\bcpkix-jdk15on\1.64\bcpkix-jdk15on-1.64.jar;C:\Users\tungv\.m2\repository\org\bouncycastle\bcprov-jdk15on\1.64\bcprov-jdk15on-1.64.jar;C:\Users\tungv\.m2\repository\jakarta\xml\bind\jakarta.xml.bind-api\4.0.0\jakarta.xml.bind-api-4.0.0.jar;C:\Users\tungv\.m2\repository\jakarta\activation\jakarta.activation-api\2.1.1\jakarta.activation-api-2.1.1.jar;C:\Users\tungv\.m2\repository\jakarta\validation\jakarta.validation-api\3.0.2\jakarta.validation-api-3.0.2.jar;C:\Users\tungv\.m2\repository\javax\xml\bind\jaxb-api\2.3.1\jaxb-api-2.3.1.jar;C:\Users\tungv\.m2\repository\javax\activation\javax.activation-api\1.2.0\javax.activation-api-1.2.0.jar;C:\Users\tungv\.m2\repository\org\postgresql\postgresql\42.5.4\postgresql-42.5.4.jar;C:\Users\tungv\.m2\repository\org\checkerframework\checker-qual\3.5.0\checker-qual-3.5.0.jar;C:\Users\tungv\.m2\repository\org\projectlombok\lombok\1.18.26\lombok-1.18.26.jar;C:\Users\tungv\.m2\repository\org\springframework\boot\spring-boot-starter-test\3.0.5\spring-boot-starter-test-3.0.5.jar;C:\Users\tungv\.m2\repository\org\springframework\boot\spring-boot-test\3.0.5\spring-boot-test-3.0.5.jar;C:\Users\tungv\.m2\repository\org\springframework\boot\spring-boot-test-autoconfigure\3.0.5\spring-boot-test-autoconfigure-3.0.5.jar;C:\Users\tungv\.m2\repository\com\jayway\jsonpath\json-path\2.7.0\json-path-2.7.0.jar;C:\Users\tungv\.m2\repository\net\minidev\json-smart\2.4.10\json-smart-2.4.10.jar;C:\Users\tungv\.m2\repository\net\minidev\accessors-smart\2.4.9\accessors-smart-2.4.9.jar;C:\Users\tungv\.m2\repository\org\ow2\asm\asm\9.3\asm-9.3.jar;C:\Users\tungv\.m2\repository\org\assertj\assertj-core\3.23.1\assertj-core-3.23.1.jar;C:\Users\tungv\.m2\repository\org\hamcrest\hamcrest\2.2\hamcrest-2.2.jar;C:\Users\tungv\.m2\repository\org\junit\jupiter\junit-jupiter\5.9.2\junit-jupiter-5.9.2.jar;C:\Users\tungv\.m2\repository\org\junit\jupiter\junit-jupiter-api\5.9.2\junit-jupiter-api-5.9.2.jar;C:\Users\tungv\.m2\repository\org\opentest4j\opentest4j\1.2.0\opentest4j-1.2.0.jar;C:\Users\tungv\.m2\repository\org\junit\platform\junit-platform-commons\1.9.2\junit-platform-commons-1.9.2.jar;C:\Users\tungv\.m2\repository\org\apiguardian\apiguardian-api\1.1.2\apiguardian-api-1.1.2.jar;C:\Users\tungv\.m2\repository\org\junit\jupiter\junit-jupiter-params\5.9.2\junit-jupiter-params-5.9.2.jar;C:\Users\tungv\.m2\repository\org\junit\jupiter\junit-jupiter-engine\5.9.2\junit-jupiter-engine-5.9.2.jar;C:\Users\tungv\.m2\repository\org\junit\platform\junit-platform-engine\1.9.2\junit-platform-engine-1.9.2.jar;C:\Users\tungv\.m2\repository\org\mockito\mockito-core\4.8.1\mockito-core-4.8.1.jar;C:\Users\tungv\.m2\repository\net\bytebuddy\byte-buddy-agent\1.12.23\byte-buddy-agent-1.12.23.jar;C:\Users\tungv\.m2\repository\org\objenesis\objenesis\3.2\objenesis-3.2.jar;C:\Users\tungv\.m2\repository\org\mockito\mockito-junit-jupiter\4.8.1\mockito-junit-jupiter-4.8.1.jar;C:\Users\tungv\.m2\repository\org\skyscreamer\jsonassert\1.5.1\jsonassert-1.5.1.jar;C:\Users\tungv\.m2\repository\com\vaadin\external\google\android-json\0.0.20131108.vaadin1\android-json-0.0.20131108.vaadin1.jar;C:\Users\tungv\.m2\repository\org\springframework\spring-core\6.0.7\spring-core-6.0.7.jar;C:\Users\tungv\.m2\repository\org\springframework\spring-jcl\6.0.7\spring-jcl-6.0.7.jar;C:\Users\tungv\.m2\repository\org\springframework\spring-test\6.0.7\spring-test-6.0.7.jar;C:\Users\tungv\.m2\repository\org\xmlunit\xmlunit-core\2.9.1\xmlunit-core-2.9.1.jar;C:\Users\tungv\.m2\repository\org\springframework\security\spring-security-test\6.0.2\spring-security-test-6.0.2.jar;C:\Users\tungv\.m2\repository\org\springframework\security\spring-security-core\6.0.2\spring-security-core-6.0.2.jar;C:\Users\tungv\.m2\repository\org\springframework\security\spring-security-crypto\6.0.2\spring-security-crypto-6.0.2.jar;"/>
    <property name="java.vm.vendor" value="Eclipse Adoptium"/>
    <property name="sun.arch.data.model" value="64"/>
    <property name="user.variant" value=""/>
    <property name="java.vendor.url" value="https://adoptium.net/"/>
    <property name="user.timezone" value="Asia/Bangkok"/>
    <property name="os.name" value="Windows 11"/>
    <property name="java.vm.specification.version" value="17"/>
    <property name="sun.java.launcher" value="SUN_STANDARD"/>
    <property name="user.country" value="US"/>
    <property name="sun.boot.library.path" value="C:\Users\tungv\.p2\pool\plugins\org.eclipse.justj.openjdk.hotspot.jre.full.win32.x86_64_17.0.5.v20221102-0933\jre\bin"/>
    <property name="sun.java.command" value="C:\Users\tungv\AppData\Local\Temp\surefire7538777534372448679\surefirebooter4813069581689573151.jar C:\Users\tungv\AppData\Local\Temp\surefire7538777534372448679 2023-04-17T15-48-32_443-jvmRun1 surefire8934276611503817667tmp surefire_012789713367238639099tmp"/>
    <property name="jdk.debug" value="release"/>
    <property name="surefire.test.class.path" value="E:\Genious Invocation HRM\GI-HRM-GATEWAY\target\test-classes;E:\Genious Invocation HRM\GI-HRM-GATEWAY\target\classes;C:\Users\tungv\.m2\repository\org\springframework\boot\spring-boot-starter-actuator\3.0.5\spring-boot-starter-actuator-3.0.5.jar;C:\Users\tungv\.m2\repository\org\springframework\boot\spring-boot-starter\3.0.5\spring-boot-starter-3.0.5.jar;C:\Users\tungv\.m2\repository\org\springframework\boot\spring-boot\3.0.5\spring-boot-3.0.5.jar;C:\Users\tungv\.m2\repository\org\springframework\boot\spring-boot-autoconfigure\3.0.5\spring-boot-autoconfigure-3.0.5.jar;C:\Users\tungv\.m2\repository\org\springframework\boot\spring-boot-starter-logging\3.0.5\spring-boot-starter-logging-3.0.5.jar;C:\Users\tungv\.m2\repository\ch\qos\logback\logback-classic\1.4.6\logback-classic-1.4.6.jar;C:\Users\tungv\.m2\repository\ch\qos\logback\logback-core\1.4.6\logback-core-1.4.6.jar;C:\Users\tungv\.m2\repository\org\apache\logging\log4j\log4j-to-slf4j\2.19.0\log4j-to-slf4j-2.19.0.jar;C:\Users\tungv\.m2\repository\org\apache\logging\log4j\log4j-api\2.19.0\log4j-api-2.19.0.jar;C:\Users\tungv\.m2\repository\org\slf4j\jul-to-slf4j\2.0.7\jul-to-slf4j-2.0.7.jar;C:\Users\tungv\.m2\repository\jakarta\annotation\jakarta.annotation-api\2.1.1\jakarta.annotation-api-2.1.1.jar;C:\Users\tungv\.m2\repository\org\yaml\snakeyaml\1.33\snakeyaml-1.33.jar;C:\Users\tungv\.m2\repository\org\springframework\boot\spring-boot-actuator-autoconfigure\3.0.5\spring-boot-actuator-autoconfigure-3.0.5.jar;C:\Users\tungv\.m2\repository\org\springframework\boot\spring-boot-actuator\3.0.5\spring-boot-actuator-3.0.5.jar;C:\Users\tungv\.m2\repository\com\fasterxml\jackson\datatype\jackson-datatype-jsr310\2.14.2\jackson-datatype-jsr310-2.14.2.jar;C:\Users\tungv\.m2\repository\io\micrometer\micrometer-observation\1.10.5\micrometer-observation-1.10.5.jar;C:\Users\tungv\.m2\repository\io\micrometer\micrometer-commons\1.10.5\micrometer-commons-1.10.5.jar;C:\Users\tungv\.m2\repository\io\micrometer\micrometer-core\1.10.5\micrometer-core-1.10.5.jar;C:\Users\tungv\.m2\repository\org\hdrhistogram\HdrHistogram\2.1.12\HdrHistogram-2.1.12.jar;C:\Users\tungv\.m2\repository\org\latencyutils\LatencyUtils\2.0.3\LatencyUtils-2.0.3.jar;C:\Users\tungv\.m2\repository\org\springframework\cloud\spring-cloud-starter-circuitbreaker-resilience4j\3.0.1\spring-cloud-starter-circuitbreaker-resilience4j-3.0.1.jar;C:\Users\tungv\.m2\repository\org\springframework\cloud\spring-cloud-starter\4.0.2\spring-cloud-starter-4.0.2.jar;C:\Users\tungv\.m2\repository\org\springframework\cloud\spring-cloud-context\4.0.2\spring-cloud-context-4.0.2.jar;C:\Users\tungv\.m2\repository\org\springframework\cloud\spring-cloud-commons\4.0.2\spring-cloud-commons-4.0.2.jar;C:\Users\tungv\.m2\repository\org\springframework\security\spring-security-rsa\1.0.11.RELEASE\spring-security-rsa-1.0.11.RELEASE.jar;C:\Users\tungv\.m2\repository\org\springframework\cloud\spring-cloud-circuitbreaker-resilience4j\3.0.1\spring-cloud-circuitbreaker-resilience4j-3.0.1.jar;C:\Users\tungv\.m2\repository\io\github\resilience4j\resilience4j-spring-boot3\2.0.2\resilience4j-spring-boot3-2.0.2.jar;C:\Users\tungv\.m2\repository\io\github\resilience4j\resilience4j-spring6\2.0.2\resilience4j-spring6-2.0.2.jar;C:\Users\tungv\.m2\repository\io\github\resilience4j\resilience4j-annotations\2.0.2\resilience4j-annotations-2.0.2.jar;C:\Users\tungv\.m2\repository\io\github\resilience4j\resilience4j-consumer\2.0.2\resilience4j-consumer-2.0.2.jar;C:\Users\tungv\.m2\repository\io\github\resilience4j\resilience4j-circularbuffer\2.0.2\resilience4j-circularbuffer-2.0.2.jar;C:\Users\tungv\.m2\repository\io\github\resilience4j\resilience4j-framework-common\2.0.2\resilience4j-framework-common-2.0.2.jar;C:\Users\tungv\.m2\repository\io\github\resilience4j\resilience4j-micrometer\2.0.2\resilience4j-micrometer-2.0.2.jar;C:\Users\tungv\.m2\repository\io\github\resilience4j\resilience4j-retry\2.0.2\resilience4j-retry-2.0.2.jar;C:\Users\tungv\.m2\repository\io\github\resilience4j\resilience4j-ratelimiter\2.0.2\resilience4j-ratelimiter-2.0.2.jar;C:\Users\tungv\.m2\repository\io\github\resilience4j\resilience4j-circuitbreaker\2.0.2\resilience4j-circuitbreaker-2.0.2.jar;C:\Users\tungv\.m2\repository\io\github\resilience4j\resilience4j-core\2.0.2\resilience4j-core-2.0.2.jar;C:\Users\tungv\.m2\repository\org\slf4j\slf4j-api\2.0.7\slf4j-api-2.0.7.jar;C:\Users\tungv\.m2\repository\io\github\resilience4j\resilience4j-timelimiter\2.0.2\resilience4j-timelimiter-2.0.2.jar;C:\Users\tungv\.m2\repository\org\springframework\cloud\spring-cloud-starter-gateway\4.0.4\spring-cloud-starter-gateway-4.0.4.jar;C:\Users\tungv\.m2\repository\org\springframework\cloud\spring-cloud-gateway-server\4.0.4\spring-cloud-gateway-server-4.0.4.jar;C:\Users\tungv\.m2\repository\org\springframework\boot\spring-boot-starter-validation\3.0.5\spring-boot-starter-validation-3.0.5.jar;C:\Users\tungv\.m2\repository\org\apache\tomcat\embed\tomcat-embed-el\10.1.7\tomcat-embed-el-10.1.7.jar;C:\Users\tungv\.m2\repository\org\hibernate\validator\hibernate-validator\8.0.0.Final\hibernate-validator-8.0.0.Final.jar;C:\Users\tungv\.m2\repository\io\projectreactor\addons\reactor-extra\3.5.1\reactor-extra-3.5.1.jar;C:\Users\tungv\.m2\repository\io\projectreactor\reactor-core\3.5.4\reactor-core-3.5.4.jar;C:\Users\tungv\.m2\repository\org\reactivestreams\reactive-streams\1.0.4\reactive-streams-1.0.4.jar;C:\Users\tungv\.m2\repository\org\springframework\boot\spring-boot-starter-webflux\3.0.5\spring-boot-starter-webflux-3.0.5.jar;C:\Users\tungv\.m2\repository\org\springframework\boot\spring-boot-starter-json\3.0.5\spring-boot-starter-json-3.0.5.jar;C:\Users\tungv\.m2\repository\com\fasterxml\jackson\datatype\jackson-datatype-jdk8\2.14.2\jackson-datatype-jdk8-2.14.2.jar;C:\Users\tungv\.m2\repository\com\fasterxml\jackson\module\jackson-module-parameter-names\2.14.2\jackson-module-parameter-names-2.14.2.jar;C:\Users\tungv\.m2\repository\org\springframework\boot\spring-boot-starter-reactor-netty\3.0.5\spring-boot-starter-reactor-netty-3.0.5.jar;C:\Users\tungv\.m2\repository\io\projectreactor\netty\reactor-netty-http\1.1.5\reactor-netty-http-1.1.5.jar;C:\Users\tungv\.m2\repository\io\netty\netty-codec-http\4.1.90.Final\netty-codec-http-4.1.90.Final.jar;C:\Users\tungv\.m2\repository\io\netty\netty-common\4.1.90.Final\netty-common-4.1.90.Final.jar;C:\Users\tungv\.m2\repository\io\netty\netty-buffer\4.1.90.Final\netty-buffer-4.1.90.Final.jar;C:\Users\tungv\.m2\repository\io\netty\netty-transport\4.1.90.Final\netty-transport-4.1.90.Final.jar;C:\Users\tungv\.m2\repository\io\netty\netty-codec\4.1.90.Final\netty-codec-4.1.90.Final.jar;C:\Users\tungv\.m2\repository\io\netty\netty-handler\4.1.90.Final\netty-handler-4.1.90.Final.jar;C:\Users\tungv\.m2\repository\io\netty\netty-codec-http2\4.1.90.Final\netty-codec-http2-4.1.90.Final.jar;C:\Users\tungv\.m2\repository\io\netty\netty-resolver-dns\4.1.90.Final\netty-resolver-dns-4.1.90.Final.jar;C:\Users\tungv\.m2\repository\io\netty\netty-resolver\4.1.90.Final\netty-resolver-4.1.90.Final.jar;C:\Users\tungv\.m2\repository\io\netty\netty-codec-dns\4.1.90.Final\netty-codec-dns-4.1.90.Final.jar;C:\Users\tungv\.m2\repository\io\netty\netty-resolver-dns-native-macos\4.1.90.Final\netty-resolver-dns-native-macos-4.1.90.Final-osx-x86_64.jar;C:\Users\tungv\.m2\repository\io\netty\netty-resolver-dns-classes-macos\4.1.90.Final\netty-resolver-dns-classes-macos-4.1.90.Final.jar;C:\Users\tungv\.m2\repository\io\netty\netty-transport-native-epoll\4.1.90.Final\netty-transport-native-epoll-4.1.90.Final-linux-x86_64.jar;C:\Users\tungv\.m2\repository\io\netty\netty-transport-native-unix-common\4.1.90.Final\netty-transport-native-unix-common-4.1.90.Final.jar;C:\Users\tungv\.m2\repository\io\netty\netty-transport-classes-epoll\4.1.90.Final\netty-transport-classes-epoll-4.1.90.Final.jar;C:\Users\tungv\.m2\repository\io\projectreactor\netty\reactor-netty-core\1.1.5\reactor-netty-core-1.1.5.jar;C:\Users\tungv\.m2\repository\io\netty\netty-handler-proxy\4.1.90.Final\netty-handler-proxy-4.1.90.Final.jar;C:\Users\tungv\.m2\repository\io\netty\netty-codec-socks\4.1.90.Final\netty-codec-socks-4.1.90.Final.jar;C:\Users\tungv\.m2\repository\org\springframework\spring-web\6.0.7\spring-web-6.0.7.jar;C:\Users\tungv\.m2\repository\org\springframework\spring-webflux\6.0.7\spring-webflux-6.0.7.jar;C:\Users\tungv\.m2\repository\org\springframework\cloud\spring-cloud-starter-contract-stub-runner\4.0.2\spring-cloud-starter-contract-stub-runner-4.0.2.jar;C:\Users\tungv\.m2\repository\org\springframework\cloud\spring-cloud-contract-stub-runner\4.0.2\spring-cloud-contract-stub-runner-4.0.2.jar;C:\Users\tungv\.m2\repository\org\springframework\cloud\spring-cloud-contract-verifier\4.0.2\spring-cloud-contract-verifier-4.0.2.jar;C:\Users\tungv\.m2\repository\org\apache\commons\commons-text\1.10.0\commons-text-1.10.0.jar;C:\Users\tungv\.m2\repository\org\apache\commons\commons-lang3\3.12.0\commons-lang3-3.12.0.jar;C:\Users\tungv\.m2\repository\javax\inject\javax.inject\1\javax.inject-1.jar;C:\Users\tungv\.m2\repository\com\toomuchcoding\jsonassert\jsonassert\0.6.2\jsonassert-0.6.2.jar;C:\Users\tungv\.m2\repository\com\rackspace\eclipse\webtools\sourceediting\org.eclipse.wst.xml.xpath2.processor\2.1.100\org.eclipse.wst.xml.xpath2.processor-2.1.100.jar;C:\Users\tungv\.m2\repository\edu\princeton\cup\java-cup\10k\java-cup-10k.jar;C:\Users\tungv\.m2\repository\com\ibm\icu\icu4j\4.6\icu4j-4.6.jar;C:\Users\tungv\.m2\repository\org\apache\groovy\groovy\4.0.10\groovy-4.0.10.jar;C:\Users\tungv\.m2\repository\org\apache\groovy\groovy-nio\4.0.10\groovy-nio-4.0.10.jar;C:\Users\tungv\.m2\repository\org\apache\groovy\groovy-json\4.0.10\groovy-json-4.0.10.jar;C:\Users\tungv\.m2\repository\org\apache\groovy\groovy-xml\4.0.10\groovy-xml-4.0.10.jar;C:\Users\tungv\.m2\repository\com\github\jknack\handlebars\4.3.0\handlebars-4.3.0.jar;C:\Users\tungv\.m2\repository\commons-beanutils\commons-beanutils\1.9.4\commons-beanutils-1.9.4.jar;C:\Users\tungv\.m2\repository\commons-logging\commons-logging\1.2\commons-logging-1.2.jar;C:\Users\tungv\.m2\repository\commons-collections\commons-collections\3.2.2\commons-collections-3.2.2.jar;C:\Users\tungv\.m2\repository\com\fasterxml\jackson\dataformat\jackson-dataformat-yaml\2.14.2\jackson-dataformat-yaml-2.14.2.jar;C:\Users\tungv\.m2\repository\net\javacrumbs\json-unit\json-unit-assertj\2.32.0\json-unit-assertj-2.32.0.jar;C:\Users\tungv\.m2\repository\net\javacrumbs\json-unit\json-unit-core\2.32.0\json-unit-core-2.32.0.jar;C:\Users\tungv\.m2\repository\org\hamcrest\hamcrest-core\2.2\hamcrest-core-2.2.jar;C:\Users\tungv\.m2\repository\net\javacrumbs\json-unit\json-unit-json-path\2.32.0\json-unit-json-path-2.32.0.jar;C:\Users\tungv\.m2\repository\org\springframework\cloud\spring-cloud-contract-shade\4.0.2\spring-cloud-contract-shade-4.0.2.jar;C:\Users\tungv\.m2\repository\org\springframework\cloud\spring-cloud-contract-converters\4.0.2\spring-cloud-contract-converters-4.0.2.jar;C:\Users\tungv\.m2\repository\org\springframework\cloud\spring-cloud-contract-spec\4.0.2\spring-cloud-contract-spec-4.0.2.jar;C:\Users\tungv\.m2\repository\org\springframework\cloud\spring-cloud-contract-spec-java\4.0.2\spring-cloud-contract-spec-java-4.0.2.jar;C:\Users\tungv\.m2\repository\dk\brics\automaton\1.12-4\automaton-1.12-4.jar;C:\Users\tungv\.m2\repository\org\springframework\cloud\spring-cloud-contract-spec-groovy\4.0.2\spring-cloud-contract-spec-groovy-4.0.2.jar;C:\Users\tungv\.m2\repository\org\eclipse\jgit\org.eclipse.jgit\6.4.0.202211300538-r\org.eclipse.jgit-6.4.0.202211300538-r.jar;C:\Users\tungv\.m2\repository\com\googlecode\javaewah\JavaEWAH\1.1.13\JavaEWAH-1.1.13.jar;C:\Users\tungv\.m2\repository\org\eclipse\jgit\org.eclipse.jgit.ssh.jsch\6.3.0.202209071007-r\org.eclipse.jgit.ssh.jsch-6.3.0.202209071007-r.jar;C:\Users\tungv\.m2\repository\com\jcraft\jsch\0.1.55\jsch-0.1.55.jar;C:\Users\tungv\.m2\repository\com\jcraft\jzlib\1.1.3\jzlib-1.1.3.jar;C:\Users\tungv\.m2\repository\com\jcraft\jsch.agentproxy.sshagent\0.0.9\jsch.agentproxy.sshagent-0.0.9.jar;C:\Users\tungv\.m2\repository\com\jcraft\jsch.agentproxy.core\0.0.9\jsch.agentproxy.core-0.0.9.jar;C:\Users\tungv\.m2\repository\com\jcraft\jsch.agentproxy.jsch\0.0.9\jsch.agentproxy.jsch-0.0.9.jar;C:\Users\tungv\.m2\repository\com\jcraft\jsch.agentproxy.usocket-jna\0.0.9\jsch.agentproxy.usocket-jna-0.0.9.jar;C:\Users\tungv\.m2\repository\net\java\dev\jna\jna\4.1.0\jna-4.1.0.jar;C:\Users\tungv\.m2\repository\net\java\dev\jna\jna-platform\4.1.0\jna-platform-4.1.0.jar;C:\Users\tungv\.m2\repository\org\springframework\cloud\spring-cloud-contract-wiremock\4.0.2\spring-cloud-contract-wiremock-4.0.2.jar;C:\Users\tungv\.m2\repository\jakarta\servlet\jakarta.servlet-api\6.0.0\jakarta.servlet-api-6.0.0.jar;C:\Users\tungv\.m2\repository\com\github\tomakehurst\wiremock-jre8-standalone\2.35.0\wiremock-jre8-standalone-2.35.0.jar;C:\Users\tungv\.m2\repository\org\apache\httpcomponents\client5\httpclient5\5.1.4\httpclient5-5.1.4.jar;C:\Users\tungv\.m2\repository\org\apache\httpcomponents\core5\httpcore5\5.1.5\httpcore5-5.1.5.jar;C:\Users\tungv\.m2\repository\org\apache\httpcomponents\core5\httpcore5-h2\5.1.5\httpcore5-h2-5.1.5.jar;C:\Users\tungv\.m2\repository\commons-codec\commons-codec\1.15\commons-codec-1.15.jar;C:\Users\tungv\.m2\repository\org\springframework\cloud\spring-cloud-test-support\4.0.2\spring-cloud-test-support-4.0.2.jar;C:\Users\tungv\.m2\repository\org\apache\maven\resolver\maven-resolver-connector-basic\1.1.1\maven-resolver-connector-basic-1.1.1.jar;C:\Users\tungv\.m2\repository\org\apache\maven\resolver\maven-resolver-spi\1.1.1\maven-resolver-spi-1.1.1.jar;C:\Users\tungv\.m2\repository\org\apache\maven\resolver\maven-resolver-util\1.1.1\maven-resolver-util-1.1.1.jar;C:\Users\tungv\.m2\repository\org\apache\maven\resolver\maven-resolver-impl\1.1.1\maven-resolver-impl-1.1.1.jar;C:\Users\tungv\.m2\repository\org\apache\maven\maven-resolver-provider\3.5.4\maven-resolver-provider-3.5.4.jar;C:\Users\tungv\.m2\repository\org\apache\maven\maven-model\3.5.4\maven-model-3.5.4.jar;C:\Users\tungv\.m2\repository\org\apache\maven\maven-model-builder\3.5.4\maven-model-builder-3.5.4.jar;C:\Users\tungv\.m2\repository\org\codehaus\plexus\plexus-interpolation\1.24\plexus-interpolation-1.24.jar;C:\Users\tungv\.m2\repository\org\apache\maven\maven-artifact\3.5.4\maven-artifact-3.5.4.jar;C:\Users\tungv\.m2\repository\org\apache\maven\maven-builder-support\3.5.4\maven-builder-support-3.5.4.jar;C:\Users\tungv\.m2\repository\org\apache\maven\maven-repository-metadata\3.5.4\maven-repository-metadata-3.5.4.jar;C:\Users\tungv\.m2\repository\org\apache\maven\resolver\maven-resolver-transport-http\1.1.1\maven-resolver-transport-http-1.1.1.jar;C:\Users\tungv\.m2\repository\org\apache\httpcomponents\httpclient\4.5.14\httpclient-4.5.14.jar;C:\Users\tungv\.m2\repository\org\apache\httpcomponents\httpcore\4.4.16\httpcore-4.4.16.jar;C:\Users\tungv\.m2\repository\org\apache\maven\resolver\maven-resolver-api\1.4.1\maven-resolver-api-1.4.1.jar;C:\Users\tungv\.m2\repository\org\sonatype\sisu\sisu-inject-plexus\2.6.0\sisu-inject-plexus-2.6.0.jar;C:\Users\tungv\.m2\repository\org\codehaus\plexus\plexus-component-annotations\1.5.5\plexus-component-annotations-1.5.5.jar;C:\Users\tungv\.m2\repository\org\codehaus\plexus\plexus-classworlds\2.5.2\plexus-classworlds-2.5.2.jar;C:\Users\tungv\.m2\repository\org\codehaus\plexus\plexus-utils\3.0.18\plexus-utils-3.0.18.jar;C:\Users\tungv\.m2\repository\org\sonatype\sisu\sisu-inject-bean\2.6.0\sisu-inject-bean-2.6.0.jar;C:\Users\tungv\.m2\repository\javax\enterprise\cdi-api\1.0\cdi-api-1.0.jar;C:\Users\tungv\.m2\repository\javax\annotation\jsr250-api\1.0\jsr250-api-1.0.jar;C:\Users\tungv\.m2\repository\org\sonatype\sisu\sisu-guice\3.2.5\sisu-guice-3.2.5-no_aop.jar;C:\Users\tungv\.m2\repository\com\google\guava\guava\16.0.1\guava-16.0.1.jar;C:\Users\tungv\.m2\repository\org\eclipse\sisu\org.eclipse.sisu.inject\0.3.0\org.eclipse.sisu.inject-0.3.0.jar;C:\Users\tungv\.m2\repository\org\eclipse\sisu\org.eclipse.sisu.plexus\0.3.0\org.eclipse.sisu.plexus-0.3.0.jar;C:\Users\tungv\.m2\repository\org\springframework\boot\spring-boot-starter-data-jpa\3.0.5\spring-boot-starter-data-jpa-3.0.5.jar;C:\Users\tungv\.m2\repository\org\springframework\boot\spring-boot-starter-aop\3.0.5\spring-boot-starter-aop-3.0.5.jar;C:\Users\tungv\.m2\repository\org\aspectj\aspectjweaver\1.9.19\aspectjweaver-1.9.19.jar;C:\Users\tungv\.m2\repository\org\springframework\boot\spring-boot-starter-jdbc\3.0.5\spring-boot-starter-jdbc-3.0.5.jar;C:\Users\tungv\.m2\repository\com\zaxxer\HikariCP\5.0.1\HikariCP-5.0.1.jar;C:\Users\tungv\.m2\repository\org\springframework\spring-jdbc\6.0.7\spring-jdbc-6.0.7.jar;C:\Users\tungv\.m2\repository\org\hibernate\orm\hibernate-core\6.1.7.Final\hibernate-core-6.1.7.Final.jar;C:\Users\tungv\.m2\repository\jakarta\persistence\jakarta.persistence-api\3.1.0\jakarta.persistence-api-3.1.0.jar;C:\Users\tungv\.m2\repository\jakarta\transaction\jakarta.transaction-api\2.0.1\jakarta.transaction-api-2.0.1.jar;C:\Users\tungv\.m2\repository\org\jboss\logging\jboss-logging\3.5.0.Final\jboss-logging-3.5.0.Final.jar;C:\Users\tungv\.m2\repository\org\hibernate\common\hibernate-commons-annotations\6.0.6.Final\hibernate-commons-annotations-6.0.6.Final.jar;C:\Users\tungv\.m2\repository\org\jboss\jandex\2.4.2.Final\jandex-2.4.2.Final.jar;C:\Users\tungv\.m2\repository\com\fasterxml\classmate\1.5.1\classmate-1.5.1.jar;C:\Users\tungv\.m2\repository\net\bytebuddy\byte-buddy\1.12.23\byte-buddy-1.12.23.jar;C:\Users\tungv\.m2\repository\org\glassfish\jaxb\jaxb-runtime\4.0.2\jaxb-runtime-4.0.2.jar;C:\Users\tungv\.m2\repository\org\glassfish\jaxb\jaxb-core\4.0.2\jaxb-core-4.0.2.jar;C:\Users\tungv\.m2\repository\org\eclipse\angus\angus-activation\2.0.0\angus-activation-2.0.0.jar;C:\Users\tungv\.m2\repository\org\glassfish\jaxb\txw2\4.0.2\txw2-4.0.2.jar;C:\Users\tungv\.m2\repository\com\sun\istack\istack-commons-runtime\4.1.1\istack-commons-runtime-4.1.1.jar;C:\Users\tungv\.m2\repository\jakarta\inject\jakarta.inject-api\2.0.0\jakarta.inject-api-2.0.0.jar;C:\Users\tungv\.m2\repository\org\antlr\antlr4-runtime\4.10.1\antlr4-runtime-4.10.1.jar;C:\Users\tungv\.m2\repository\org\springframework\data\spring-data-jpa\3.0.4\spring-data-jpa-3.0.4.jar;C:\Users\tungv\.m2\repository\org\springframework\data\spring-data-commons\3.0.4\spring-data-commons-3.0.4.jar;C:\Users\tungv\.m2\repository\org\springframework\spring-orm\6.0.7\spring-orm-6.0.7.jar;C:\Users\tungv\.m2\repository\org\springframework\spring-context\6.0.7\spring-context-6.0.7.jar;C:\Users\tungv\.m2\repository\org\springframework\spring-tx\6.0.7\spring-tx-6.0.7.jar;C:\Users\tungv\.m2\repository\org\springframework\spring-beans\6.0.7\spring-beans-6.0.7.jar;C:\Users\tungv\.m2\repository\org\springframework\spring-aspects\6.0.7\spring-aspects-6.0.7.jar;C:\Users\tungv\.m2\repository\org\springframework\boot\spring-boot-starter-security\3.0.5\spring-boot-starter-security-3.0.5.jar;C:\Users\tungv\.m2\repository\org\springframework\spring-aop\6.0.7\spring-aop-6.0.7.jar;C:\Users\tungv\.m2\repository\org\springframework\security\spring-security-config\6.0.2\spring-security-config-6.0.2.jar;C:\Users\tungv\.m2\repository\org\springframework\security\spring-security-web\6.0.2\spring-security-web-6.0.2.jar;C:\Users\tungv\.m2\repository\org\springframework\spring-expression\6.0.7\spring-expression-6.0.7.jar;C:\Users\tungv\.m2\repository\io\jsonwebtoken\jjwt\0.9.1\jjwt-0.9.1.jar;C:\Users\tungv\.m2\repository\com\fasterxml\jackson\core\jackson-databind\2.14.2\jackson-databind-2.14.2.jar;C:\Users\tungv\.m2\repository\com\fasterxml\jackson\core\jackson-annotations\2.14.2\jackson-annotations-2.14.2.jar;C:\Users\tungv\.m2\repository\com\fasterxml\jackson\core\jackson-core\2.14.2\jackson-core-2.14.2.jar;C:\Users\tungv\.m2\repository\org\springframework\security\spring-security-jwt\1.1.1.RELEASE\spring-security-jwt-1.1.1.RELEASE.jar;C:\Users\tungv\.m2\repository\org\bouncycastle\bcpkix-jdk15on\1.64\bcpkix-jdk15on-1.64.jar;C:\Users\tungv\.m2\repository\org\bouncycastle\bcprov-jdk15on\1.64\bcprov-jdk15on-1.64.jar;C:\Users\tungv\.m2\repository\jakarta\xml\bind\jakarta.xml.bind-api\4.0.0\jakarta.xml.bind-api-4.0.0.jar;C:\Users\tungv\.m2\repository\jakarta\activation\jakarta.activation-api\2.1.1\jakarta.activation-api-2.1.1.jar;C:\Users\tungv\.m2\repository\jakarta\validation\jakarta.validation-api\3.0.2\jakarta.validation-api-3.0.2.jar;C:\Users\tungv\.m2\repository\javax\xml\bind\jaxb-api\2.3.1\jaxb-api-2.3.1.jar;C:\Users\tungv\.m2\repository\javax\activation\javax.activation-api\1.2.0\javax.activation-api-1.2.0.jar;C:\Users\tungv\.m2\repository\org\postgresql\postgresql\42.5.4\postgresql-42.5.4.jar;C:\Users\tungv\.m2\repository\org\checkerframework\checker-qual\3.5.0\checker-qual-3.5.0.jar;C:\Users\tungv\.m2\repository\org\projectlombok\lombok\1.18.26\lombok-1.18.26.jar;C:\Users\tungv\.m2\repository\org\springframework\boot\spring-boot-starter-test\3.0.5\spring-boot-starter-test-3.0.5.jar;C:\Users\tungv\.m2\repository\org\springframework\boot\spring-boot-test\3.0.5\spring-boot-test-3.0.5.jar;C:\Users\tungv\.m2\repository\org\springframework\boot\spring-boot-test-autoconfigure\3.0.5\spring-boot-test-autoconfigure-3.0.5.jar;C:\Users\tungv\.m2\repository\com\jayway\jsonpath\json-path\2.7.0\json-path-2.7.0.jar;C:\Users\tungv\.m2\repository\net\minidev\json-smart\2.4.10\json-smart-2.4.10.jar;C:\Users\tungv\.m2\repository\net\minidev\accessors-smart\2.4.9\accessors-smart-2.4.9.jar;C:\Users\tungv\.m2\repository\org\ow2\asm\asm\9.3\asm-9.3.jar;C:\Users\tungv\.m2\repository\org\assertj\assertj-core\3.23.1\assertj-core-3.23.1.jar;C:\Users\tungv\.m2\repository\org\hamcrest\hamcrest\2.2\hamcrest-2.2.jar;C:\Users\tungv\.m2\repository\org\junit\jupiter\junit-jupiter\5.9.2\junit-jupiter-5.9.2.jar;C:\Users\tungv\.m2\repository\org\junit\jupiter\junit-jupiter-api\5.9.2\junit-jupiter-api-5.9.2.jar;C:\Users\tungv\.m2\repository\org\opentest4j\opentest4j\1.2.0\opentest4j-1.2.0.jar;C:\Users\tungv\.m2\repository\org\junit\platform\junit-platform-commons\1.9.2\junit-platform-commons-1.9.2.jar;C:\Users\tungv\.m2\repository\org\apiguardian\apiguardian-api\1.1.2\apiguardian-api-1.1.2.jar;C:\Users\tungv\.m2\repository\org\junit\jupiter\junit-jupiter-params\5.9.2\junit-jupiter-params-5.9.2.jar;C:\Users\tungv\.m2\repository\org\junit\jupiter\junit-jupiter-engine\5.9.2\junit-jupiter-engine-5.9.2.jar;C:\Users\tungv\.m2\repository\org\junit\platform\junit-platform-engine\1.9.2\junit-platform-engine-1.9.2.jar;C:\Users\tungv\.m2\repository\org\mockito\mockito-core\4.8.1\mockito-core-4.8.1.jar;C:\Users\tungv\.m2\repository\net\bytebuddy\byte-buddy-agent\1.12.23\byte-buddy-agent-1.12.23.jar;C:\Users\tungv\.m2\repository\org\objenesis\objenesis\3.2\objenesis-3.2.jar;C:\Users\tungv\.m2\repository\org\mockito\mockito-junit-jupiter\4.8.1\mockito-junit-jupiter-4.8.1.jar;C:\Users\tungv\.m2\repository\org\skyscreamer\jsonassert\1.5.1\jsonassert-1.5.1.jar;C:\Users\tungv\.m2\repository\com\vaadin\external\google\android-json\0.0.20131108.vaadin1\android-json-0.0.20131108.vaadin1.jar;C:\Users\tungv\.m2\repository\org\springframework\spring-core\6.0.7\spring-core-6.0.7.jar;C:\Users\tungv\.m2\repository\org\springframework\spring-jcl\6.0.7\spring-jcl-6.0.7.jar;C:\Users\tungv\.m2\repository\org\springframework\spring-test\6.0.7\spring-test-6.0.7.jar;C:\Users\tungv\.m2\repository\org\xmlunit\xmlunit-core\2.9.1\xmlunit-core-2.9.1.jar;C:\Users\tungv\.m2\repository\org\springframework\security\spring-security-test\6.0.2\spring-security-test-6.0.2.jar;C:\Users\tungv\.m2\repository\org\springframework\security\spring-security-core\6.0.2\spring-security-core-6.0.2.jar;C:\Users\tungv\.m2\repository\org\springframework\security\spring-security-crypto\6.0.2\spring-security-crypto-6.0.2.jar;"/>
    <property name="sun.cpu.endian" value="little"/>
    <property name="user.home" value="C:\Users\tungv"/>
    <property name="user.language" value="en"/>
    <property name="java.specification.vendor" value="Oracle Corporation"/>
    <property name="java.version.date" value="2022-10-18"/>
    <property name="java.home" value="C:\Users\tungv\.p2\pool\plugins\org.eclipse.justj.openjdk.hotspot.jre.full.win32.x86_64_17.0.5.v20221102-0933\jre"/>
    <property name="file.separator" value="\"/>
    <property name="style.color" value="always"/>
    <property name="basedir" value="E:\Genious Invocation HRM\GI-HRM-GATEWAY"/>
    <property name="java.vm.compressedOopsMode" value="Zero based"/>
    <property name="line.separator" value="&#10;"/>
    <property name="java.vm.specification.vendor" value="Oracle Corporation"/>
    <property name="java.specification.name" value="Java Platform API Specification"/>
    <property name="surefire.real.class.path" value="C:\Users\tungv\AppData\Local\Temp\surefire7538777534372448679\surefirebooter4813069581689573151.jar"/>
    <property name="user.script" value=""/>
    <property name="sun.management.compiler" value="HotSpot 64-Bit Tiered Compilers"/>
    <property name="java.runtime.version" value="17.0.5+8"/>
    <property name="user.name" value="ITS"/>
    <property name="path.separator" value=";"/>
    <property name="os.version" value="10.0"/>
    <property name="java.runtime.name" value="OpenJDK Runtime Environment"/>
    <property name="file.encoding" value="Cp1252"/>
    <property name="java.vm.name" value="OpenJDK 64-Bit Server VM"/>
    <property name="java.vendor.version" value="Temurin-17.0.5+8"/>
    <property name="localRepository" value="C:\Users\tungv\.m2\repository"/>
    <property name="java.vendor.url.bug" value="https://github.com/adoptium/adoptium-support/issues"/>
    <property name="java.io.tmpdir" value="C:\Users\tungv\AppData\Local\Temp\"/>
    <property name="java.version" value="17.0.5"/>
    <property name="user.dir" value="E:\Genious Invocation HRM\GI-HRM-GATEWAY"/>
    <property name="os.arch" value="amd64"/>
    <property name="java.vm.specification.name" value="Java Virtual Machine Specification"/>
    <property name="sun.os.patch.level" value=""/>
    <property name="native.encoding" value="Cp1252"/>
    <property name="java.library.path" value="C:\Users\tungv\.p2\pool\plugins\org.eclipse.justj.openjdk.hotspot.jre.full.win32.x86_64_17.0.5.v20221102-0933\jre\bin;C:\WINDOWS\Sun\Java\bin;C:\WINDOWS\system32;C:\WINDOWS;C:/Users/tungv/.p2/pool/plugins/org.eclipse.justj.openjdk.hotspot.jre.full.win32.x86_64_17.0.5.v20221102-0933/jre/bin/server;C:/Users/tungv/.p2/pool/plugins/org.eclipse.justj.openjdk.hotspot.jre.full.win32.x86_64_17.0.5.v20221102-0933/jre/bin;C:\Program Files\Common Files\Oracle\Java\javapath;C:\Python311\Scripts\;C:\Python311\;C:\WINDOWS\system32;C:\WINDOWS;C:\WINDOWS\System32\Wbem;C:\WINDOWS\System32\WindowsPowerShell\v1.0\;C:\WINDOWS\System32\OpenSSH\;C:\Program Files\Git\cmd;C:\ProgramData\chocolatey\bin;C:\Program Files\nodejs\;C:\Program Files\dotnet\;C:\Program Files\Docker\Docker\resources\bin;C:\Program Files\Cloudflare\Cloudflare WARP\;C:\Users\tungv\AppData\Local\Programs\Eclipse Adoptium\jdk-17.0.6.10-hotspot\bin;C:\Users\tungv\AppData\Local\Microsoft\WindowsApps;;C:\Users\tungv\AppData\Local\Programs\Microsoft VS Code\bin;C:\Users\tungv\AppData\Roaming\npm;D:\IntelliJ IDEA Community Edition 2022.3\bin;;C:\WINDOWS\System32;;."/>
    <property name="java.vm.info" value="mixed mode"/>
    <property name="java.vendor" value="Eclipse Adoptium"/>
    <property name="java.vm.version" value="17.0.5+8"/>
    <property name="sun.io.unicode.encoding" value="UnicodeLittle"/>
    <property name="java.class.version" value="61.0"/>
  </properties>
  <testcase name="contextLoads" classname="com.gi.gateway.GiGatewayApplicationTests" time="0.396"/>
</testsuite>